Release 12.4 Map M.81d (lin)
Xilinx Mapping Report File for Design 'd2k2'

Design Information
------------------
Command Line   : map -detail -u -p xc6slx16-3-csg324 -pr b -c 100 -o
design_map.ncd design.ngd design.pcf 
Target Device  : xc6slx16
Target Package : csg324
Target Speed   : -3
Mapper Version : spartan6 -- $Revision: 1.52.76.2 $
Mapped Date    : Fri May  4 17:10:49 2012

Design Summary
--------------
Number of errors:      0
Number of warnings:    1
Slice Logic Utilization:
  Number of Slice Registers:                    66 out of  18,224    1%
    Number used as Flip Flops:                  66
    Number used as Latches:                      0
    Number used as Latch-thrus:                  0
    Number used as AND/OR logics:                0
  Number of Slice LUTs:                        140 out of   9,112    1%
    Number used as logic:                      138 out of   9,112    1%
      Number using O6 output only:              92
      Number using O5 output only:              27
      Number using O5 and O6:                   19
      Number used as ROM:                        0
    Number used as Memory:                       0 out of   2,176    0%
    Number used exclusively as route-thrus:      2
      Number with same-slice register load:      0
      Number with same-slice carry load:         2
      Number with other load:                    0

Slice Logic Distribution:
  Number of occupied Slices:                    47 out of   2,278    2%
  Number of LUT Flip Flop pairs used:          140
    Number with an unused Flip Flop:            80 out of     140   57%
    Number with an unused LUT:                   0 out of     140    0%
    Number of fully used LUT-FF pairs:          60 out of     140   42%
    Number of unique control sets:              11
    Number of slice register sites lost
      to control set restrictions:              54 out of  18,224    1%

  A LUT Flip Flop pair for this architecture represents one LUT paired with
  one Flip Flop within a slice.  A control set is a unique combination of
  clock, reset, set, and enable signals for a registered element.
  The Slice Logic Distribution report is not meaningful if the design is
  over-mapped for a non-slice resource or if Placement fails.

IO Utilization:
  Number of bonded IOBs:                        17 out of     232    7%
    Number of LOCed IOBs:                       17 out of      17  100%

Specific Feature Utilization:
  Number of RAMB16BWERs:                         0 out of      32    0%
  Number of RAMB8BWERs:                          0 out of      64    0%
  Number of BUFIO2/BUFIO2_2CLKs:                 0 out of      32    0%
  Number of BUFIO2FB/BUFIO2FB_2CLKs:             0 out of      32    0%
  Number of BUFG/BUFGMUXs:                       1 out of      16    6%
    Number used as BUFGs:                        1
    Number used as BUFGMUX:                      0
  Number of DCM/DCM_CLKGENs:                     0 out of       4    0%
  Number of ILOGIC2/ISERDES2s:                   0 out of     248    0%
  Number of IODELAY2/IODRP2/IODRP2_MCBs:         0 out of     248    0%
  Number of OLOGIC2/OSERDES2s:                   0 out of     248    0%
  Number of BSCANs:                              0 out of       4    0%
  Number of BUFHs:                               0 out of     128    0%
  Number of BUFPLLs:                             0 out of       8    0%
  Number of BUFPLL_MCBs:                         0 out of       4    0%
  Number of DSP48A1s:                            0 out of      32    0%
  Number of ICAPs:                               0 out of       1    0%
  Number of MCBs:                                0 out of       2    0%
  Number of PCILOGICSEs:                         0 out of       2    0%
  Number of PLL_ADVs:                            0 out of       2    0%
  Number of PMVs:                                0 out of       1    0%
  Number of STARTUPs:                            0 out of       1    0%
  Number of SUSPEND_SYNCs:                       0 out of       1    0%

Average Fanout of Non-Clock Nets:                3.65

Peak Memory Usage:  218 MB
Total REAL time to MAP completion:  9 secs 
Total CPU time to MAP completion:   8 secs 

Table of Contents
-----------------
Section 1 - Errors
Section 2 - Warnings
Section 3 - Informational
Section 4 - Removed Logic Summary
Section 5 - Removed Logic
Section 6 - IOB Properties
Section 7 - RPMs
Section 8 - Guide Report
Section 9 - Area Group and Partition Summary
Section 10 - Timing Report
Section 11 - Configuration String Information
Section 12 - Control Set Information
Section 13 - Utilization by Hierarchy

Section 1 - Errors
------------------

Section 2 - Warnings
--------------------
WARNING:PhysDesignRules:372 - Gated clock. Clock net ms_ticker is sourced by a
   combinatorial pin. This is not good design practice. Use the CE pin to
   control the loading of data into the flip-flop.

Section 3 - Informational
-------------------------
INFO:MapLib:562 - No environment variables are currently set.
INFO:LIT:244 - All of the single ended outputs in this design are using slew
   rate limited output drivers. The delay on speed critical single ended outputs
   can be dramatically reduced by designating them as fast outputs.
INFO:Pack:1716 - Initializing temperature to 85.000 Celsius. (default - Range:
   0.000 to 85.000 Celsius)
INFO:Pack:1720 - Initializing voltage to 1.140 Volts. (default - Range: 1.140 to
   1.260 Volts)
INFO:Map:215 - The Interim Design Summary has been generated in the MAP Report
   (.mrp).
INFO:Pack:1650 - Map created a placed design.

Section 4 - Removed Logic Summary
---------------------------------
   2 block(s) optimized away
  28 Block(s) redundant

Section 5 - Removed Logic
-------------------------

Optimized Block(s):
TYPE 		BLOCK
GND 		XST_GND
VCC 		XST_VCC

Redundant Block(s):
TYPE 		BLOCK
LUT1 		clk_prescaler_counter/Mcount_r_cy<1>_rt
LUT1 		clk_prescaler_counter/Mcount_r_cy<2>_rt
LUT1 		clk_prescaler_counter/Mcount_r_cy<3>_rt
LUT1 		clk_prescaler_counter/Mcount_r_cy<4>_rt
LUT1 		clk_prescaler_counter/Mcount_r_cy<5>_rt
LUT1 		clk_prescaler_counter/Mcount_r_cy<6>_rt
LUT1 		clk_prescaler_counter/Mcount_r_cy<7>_rt
LUT1 		clk_prescaler_counter/Mcount_r_cy<8>_rt
LUT1 		clk_prescaler_counter/Mcount_r_cy<9>_rt
LUT1 		clk_prescaler_counter/Mcount_r_cy<10>_rt
LUT1 		clk_prescaler_counter/Mcount_r_cy<11>_rt
LUT1 		clk_prescaler_counter/Mcount_r_cy<12>_rt
LUT1 		clk_prescaler_counter/Mcount_r_cy<13>_rt
LUT1 		clk_prescaler_counter/Mcount_r_cy<14>_rt
LUT1 		clk_prescaler_counter/Mcount_r_cy<15>_rt
LUT1 		minute_prescaler_counter/Mcount_r_cy<1>_rt
LUT1 		minute_prescaler_counter/Mcount_r_cy<2>_rt
LUT1 		minute_prescaler_counter/Mcount_r_cy<3>_rt
LUT1 		minute_prescaler_counter/Mcount_r_cy<4>_rt
LUT1 		minute_prescaler_counter/Mcount_r_cy<5>_rt
LUT1 		minute_prescaler_counter/Mcount_r_cy<6>_rt
LUT1 		minute_prescaler_counter/Mcount_r_cy<7>_rt
LUT1 		minute_prescaler_counter/Mcount_r_cy<8>_rt
LUT1 		minute_prescaler_counter/Mcount_r_cy<9>_rt
LUT1 		minute_prescaler_counter/Mcount_r_cy<10>_rt
LUT1 		minute_prescaler_counter/Mcount_r_cy<11>_rt
LUT1 		clk_prescaler_counter/Mcount_r_xor<16>_rt
LUT1 		minute_prescaler_counter/Mcount_r_xor<12>_rt

Section 6 - IOB Properties
--------------------------

+---------------------------------------------------------------------------------------------------------------------------------------------------------+
| IOB Name                           | Type             | Direction | IO Standard          | Diff  | Drive    | Slew | Reg (s)      | Resistor | IOB      |
|                                    |                  |           |                      | Term  | Strength | Rate |              |          | Delay    |
+---------------------------------------------------------------------------------------------------------------------------------------------------------+
| alarm                              | IOB              | OUTPUT    | LVCMOS33             |       | 12       | SLOW |              |          |          |
| clk                                | IOB              | INPUT     | LVCMOS33             |       |          |      |              |          |          |
| colmask<0>                         | IOB              | OUTPUT    | LVCMOS33             |       | 12       | SLOW |              |          |          |
| colmask<1>                         | IOB              | OUTPUT    | LVCMOS33             |       | 12       | SLOW |              |          |          |
| colmask<2>                         | IOB              | OUTPUT    | LVCMOS33             |       | 12       | SLOW |              |          |          |
| colmask<3>                         | IOB              | OUTPUT    | LVCMOS33             |       | 12       | SLOW |              |          |          |
| incr                               | IOB              | INPUT     | LVCMOS33             |       |          |      |              |          |          |
| mode                               | IOB              | INPUT     | LVCMOS33             |       |          |      |              |          |          |
| reset                              | IOB              | INPUT     | LVCMOS33             |       |          |      |              |          |          |
| segmask<0>                         | IOB              | OUTPUT    | LVCMOS33             |       | 12       | SLOW |              |          |          |
| segmask<1>                         | IOB              | OUTPUT    | LVCMOS33             |       | 12       | SLOW |              |          |          |
| segmask<2>                         | IOB              | OUTPUT    | LVCMOS33             |       | 12       | SLOW |              |          |          |
| segmask<3>                         | IOB              | OUTPUT    | LVCMOS33             |       | 12       | SLOW |              |          |          |
| segmask<4>                         | IOB              | OUTPUT    | LVCMOS33             |       | 12       | SLOW |              |          |          |
| segmask<5>                         | IOB              | OUTPUT    | LVCMOS33             |       | 12       | SLOW |              |          |          |
| segmask<6>                         | IOB              | OUTPUT    | LVCMOS33             |       | 12       | SLOW |              |          |          |
| segmask<7>                         | IOB              | OUTPUT    | LVCMOS33             |       | 12       | SLOW |              |          |          |
+---------------------------------------------------------------------------------------------------------------------------------------------------------+

Section 7 - RPMs
----------------

Section 8 - Guide Report
------------------------
Guide not run on this design.

Section 9 - Area Group and Partition Summary
--------------------------------------------

Partition Implementation Status
-------------------------------

  No Partitions were found in this design.

-------------------------------

Area Group Information
----------------------

  No area groups were found in this design.

----------------------

Section 10 - Timing Report
--------------------------
A logic-level (pre-route) timing report can be generated by using Xilinx static
timing analysis tools, Timing Analyzer (GUI) or TRCE (command line), with the
mapped NCD and PCF files. Please note that this timing report will be generated
using estimated delay information. For accurate numbers, please generate a
timing report with the post Place and Route NCD file.

For more information about the Timing Analyzer, consult the Xilinx Timing
Analyzer Reference Manual; for more information about TRCE, consult the Xilinx
Command Line Tools User Guide "TRACE" chapter.

Section 11 - Configuration String Details
-----------------------------------------

Section 12 - Control Set Information
------------------------------------
+-------------------------------------------------------------------------------------------------------------------------------+
| Clock Signal | Reset Signal                          | Set Signal | Enable Signal         | Slice Load Count | Bel Load Count |
+-------------------------------------------------------------------------------------------------------------------------------+
| clk_BUFGP    |                                       |            |                       | 9                | 25             |
| clk_BUFGP    | alarm_counter/hourh/Mcount_r_val      |            | alarm_counter/tick1h  | 1                | 4              |
| clk_BUFGP    | alarm_counter/minh/Mcount_r_val       |            | alarm_counter/tick10m | 1                | 4              |
| clk_BUFGP    | alarm_counter/minm/Mcount_r_val       |            | alarm_pulse           | 1                | 4              |
| clk_BUFGP    | reset_IBUF                            |            |                       | 2                | 2              |
| clk_BUFGP    | time_counter/hourh/Mcount_r_val       |            | time_counter/tick1h   | 1                | 4              |
| clk_BUFGP    | time_counter/minh/Mcount_r_val        |            | time_counter/tick10m  | 1                | 4              |
| clk_BUFGP    | time_counter/minm/Mcount_r_val        |            | time_pulse            | 1                | 4              |
+-------------------------------------------------------------------------------------------------------------------------------+
| ms_ticker    |                                       |            |                       | 1                | 1              |
| ms_ticker    | adr_counter/Mcount_r_val              |            |                       | 1                | 2              |
| ms_ticker    | minute_prescaler_counter/Mcount_r_val |            |                       | 4                | 12             |
+-------------------------------------------------------------------------------------------------------------------------------+

Section 13 - Utilization by Hierarchy
-------------------------------------
+----------------------------------------------------------------------------------------------------------------------------------------------------------------------------------------------------------+
| Module                    | Partition | Slices*       | Slice Reg     | LUTs          | LUTRAM        | BRAM/FIFO | DSP48A1 | BUFG  | BUFIO | BUFR  | DCM   | PLL_ADV   | Full Hierarchical Name         |
+----------------------------------------------------------------------------------------------------------------------------------------------------------------------------------------------------------+
| d2k2/                     |           | 13/63         | 0/66          | 19/111        | 0/0           | 0/0       | 0/0     | 1/1   | 0/0   | 0/0   | 0/0   | 0/0       | d2k2                           |
| +adr_counter              |           | 1/1           | 2/2           | 2/2           | 0/0           | 0/0       | 0/0     | 0/0   | 0/0   | 0/0   | 0/0   | 0/0       | d2k2/adr_counter               |
| +alarm_counter            |           | 0/12          | 0/16          | 0/24          | 0/0           | 0/0       | 0/0     | 0/0   | 0/0   | 0/0   | 0/0   | 0/0       | d2k2/alarm_counter             |
| ++hourh                   |           | 4/4           | 4/4           | 8/8           | 0/0           | 0/0       | 0/0     | 0/0   | 0/0   | 0/0   | 0/0   | 0/0       | d2k2/alarm_counter/hourh       |
| ++hourm                   |           | 4/4           | 4/4           | 8/8           | 0/0           | 0/0       | 0/0     | 0/0   | 0/0   | 0/0   | 0/0   | 0/0       | d2k2/alarm_counter/hourm       |
| ++minh                    |           | 2/2           | 4/4           | 4/4           | 0/0           | 0/0       | 0/0     | 0/0   | 0/0   | 0/0   | 0/0   | 0/0       | d2k2/alarm_counter/minh        |
| ++minm                    |           | 2/2           | 4/4           | 4/4           | 0/0           | 0/0       | 0/0     | 0/0   | 0/0   | 0/0   | 0/0   | 0/0       | d2k2/alarm_counter/minm        |
| +alarm_pulser             |           | 1/1           | 1/1           | 0/0           | 0/0           | 0/0       | 0/0     | 0/0   | 0/0   | 0/0   | 0/0   | 0/0       | d2k2/alarm_pulser              |
| +clk_prescaler_counter    |           | 13/13         | 17/17         | 27/27         | 0/0           | 0/0       | 0/0     | 0/0   | 0/0   | 0/0   | 0/0   | 0/0       | d2k2/clk_prescaler_counter     |
| +display                  |           | 3/3           | 0/0           | 6/6           | 0/0           | 0/0       | 0/0     | 0/0   | 0/0   | 0/0   | 0/0   | 0/0       | d2k2/display                   |
| +minute_prescaler_counter |           | 7/7           | 13/13         | 6/6           | 0/0           | 0/0       | 0/0     | 0/0   | 0/0   | 0/0   | 0/0   | 0/0       | d2k2/minute_prescaler_counter  |
| +time_counter             |           | 0/12          | 0/16          | 0/26          | 0/0           | 0/0       | 0/0     | 0/0   | 0/0   | 0/0   | 0/0   | 0/0       | d2k2/time_counter              |
| ++hourh                   |           | 4/4           | 4/4           | 8/8           | 0/0           | 0/0       | 0/0     | 0/0   | 0/0   | 0/0   | 0/0   | 0/0       | d2k2/time_counter/hourh        |
| ++hourm                   |           | 4/4           | 4/4           | 10/10         | 0/0           | 0/0       | 0/0     | 0/0   | 0/0   | 0/0   | 0/0   | 0/0       | d2k2/time_counter/hourm        |
| ++minh                    |           | 2/2           | 4/4           | 4/4           | 0/0           | 0/0       | 0/0     | 0/0   | 0/0   | 0/0   | 0/0   | 0/0       | d2k2/time_counter/minh         |
| ++minm                    |           | 2/2           | 4/4           | 4/4           | 0/0           | 0/0       | 0/0     | 0/0   | 0/0   | 0/0   | 0/0   | 0/0       | d2k2/time_counter/minm         |
| +time_pulser              |           | 1/1           | 1/1           | 1/1           | 0/0           | 0/0       | 0/0     | 0/0   | 0/0   | 0/0   | 0/0   | 0/0       | d2k2/time_pulser               |
+----------------------------------------------------------------------------------------------------------------------------------------------------------------------------------------------------------+

* Slices can be packed with basic elements from multiple hierarchies.
  Therefore, a slice will be counted in every hierarchical module
  that each of its packed basic elements belong to.
** For each column, there are two numbers reported <A>/<B>.
   <A> is the number of elements that belong to that specific hierarchical module.
   <B> is the total number of elements from that hierarchical module and any lower level
   hierarchical modules below.
*** The LUTRAM column counts all LUTs used as memory including RAM, ROM, and shift registers.
